<?xml version="1.0" encoding="UTF-8"?>
<!-- Generated by org.testng.reporters.JUnitReportReporter -->
<testsuite hostname="LAPTOP-JAL21INA" failures="0" tests="4" name="com.BasicTestNG.TestNGFeature" time="0.015" errors="0" timestamp="2023-01-21T19:03:29 IST" skipped="0">
  <testcase classname="com.BasicTestNG.TestNGFeature" name="LoginPage" time="0.009"/>
  <system-out/>
  <testcase classname="com.BasicTestNG.TestNGFeature" name="SearchPage" time="0.002"/>
  <system-out/>
  <testcase classname="com.BasicTestNG.TestNGFeature" name="HomePage" time="0.003"/>
  <system-out/>
  <testcase classname="com.BasicTestNG.TestNGFeature" name="registrationPage" time="0.001"/>
  <system-out/>
</testsuite> <!-- com.BasicTestNG.TestNGFeature -->
