<?xml version="1.0" encoding="UTF-8"?>
<!-- Generated by org.testng.reporters.JUnitReportReporter -->
<testsuite hostname="LAPTOP-JAL21INA" failures="0" tests="1" name="com.BasicTestNG.ExceptionTimeOutTest" time="0.017" errors="0" timestamp="2023-01-20T19:20:52 IST" skipped="0">
  <testcase classname="com.BasicTestNG.ExceptionTimeOutTest" name="NUmberformateException" time="0.017"/>
  <system-out/>
</testsuite> <!-- com.BasicTestNG.ExceptionTimeOutTest -->
