<?xml version="1.0" encoding="UTF-8"?>
<!-- Generated by org.testng.reporters.JUnitReportReporter -->
<testsuite hostname="LAPTOP-JAL21INA" failures="0" tests="1" name="com.prameters.parameterTest" time="3.699" errors="0" timestamp="2023-01-21T19:03:29 IST" skipped="0">
  <testcase classname="com.prameters.parameterTest" name="ParameterTest" time="3.699"/>
  <system-out/>
</testsuite> <!-- com.prameters.parameterTest -->
