<?xml version="1.0" encoding="UTF-8"?>
<!-- Generated by org.testng.reporters.JUnitReportReporter -->
<testsuite hostname="LAPTOP-JAL21INA" failures="0" tests="6" name="com.BasicTestNG.GoogleTest" time="29.578" errors="0" timestamp="2023-01-21T19:03:29 IST" skipped="0">
  <testcase classname="com.BasicTestNG.GoogleTest" name="googleTitle" time="6.139"/>
  <system-out/>
  <testcase classname="com.BasicTestNG.GoogleTest" name="googlogo" time="4.826"/>
  <system-out/>
  <testcase classname="com.BasicTestNG.GoogleTest" name="VerifyGmailLink" time="4.860"/>
  <system-out/>
  <testcase classname="com.BasicTestNG.GoogleTest" name="test1" time="4.333"/>
  <system-out/>
  <testcase classname="com.BasicTestNG.GoogleTest" name="test2" time="4.658"/>
  <system-out/>
  <testcase classname="com.BasicTestNG.GoogleTest" name="test3" time="4.762"/>
  <system-out/>
</testsuite> <!-- com.BasicTestNG.GoogleTest -->
