<?xml version="1.0" encoding="UTF-8"?>
<!-- Generated by org.testng.reporters.JUnitReportReporter -->
<testsuite hostname="LAPTOP-JAL21INA" failures="0" tests="3" name="com.BasicTestNG.TestNGclass" time="0.017" errors="0" timestamp="2023-01-21T19:03:29 IST" skipped="0">
  <testcase classname="com.BasicTestNG.TestNGclass" name="googletitleTest" time="0.007"/>
  <system-out/>
  <testcase classname="com.BasicTestNG.TestNGclass" name="SearchText" time="0.004"/>
  <system-out/>
  <testcase classname="com.BasicTestNG.TestNGclass" name="googleLogo" time="0.006"/>
  <system-out/>
</testsuite> <!-- com.BasicTestNG.TestNGclass -->
